2024-10-04 11:00:05 Error: [PDOException] SQLSTATE[42702]: Ambiguous column: 7 ERROR:  la referencia a la columna «state» es ambigua
LINE 1: ..." ON ("Lot"."parking_id" = "Parking"."id")  WHERE "state" = ...
                                                             ^
Request URL: /monitoreo/parqueo/lots/mapa
Stack Trace:
#0 /var/www/cake2core/lib/Cake/Model/Datasource/DboSource.php(502): PDOStatement->execute()
#1 /var/www/cake2core/lib/Cake/Model/Datasource/DboSource.php(468): DboSource->_execute()
#2 /var/www/cake2core/lib/Cake/Model/Datasource/DboSource.php(715): DboSource->execute()
#3 /var/www/cake2core/lib/Cake/Model/Datasource/DboSource.php(1226): DboSource->fetchAll()
#4 /var/www/cake2core/lib/Cake/Model/Model.php(3040): DboSource->read()
#5 /var/www/cake2core/lib/Cake/Model/Model.php(3012): Model->_readDataSource()
#6 /var/www/html/monitoreo/Plugin/Parqueo/Controller/LotsController.php(111): Model->find()
#7 [internal function]: LotsController->mapa()
#8 /var/www/cake2core/lib/Cake/Controller/Controller.php(499): ReflectionMethod->invokeArgs()
#9 /var/www/cake2core/lib/Cake/Routing/Dispatcher.php(193): Controller->invokeAction()
#10 /var/www/cake2core/lib/Cake/Routing/Dispatcher.php(167): Dispatcher->_invoke()
#11 /var/www/html/monitoreo/webroot/index.php(110): Dispatcher->dispatch()
#12 {main}
2024-10-04 11:04:05 Error: [MissingViewException] View file "Lots/mapa.ctp" is missing.
Exception Attributes: array (
  'file' => 'Lots/mapa.ctp',
)
Request URL: /monitoreo/parqueo/lots/mapa
Stack Trace:
#0 /var/www/cake2core/lib/Cake/View/View.php(470): View->_getViewFileName()
#1 /var/www/cake2core/lib/Cake/Controller/Controller.php(968): View->render()
#2 /var/www/cake2core/lib/Cake/Routing/Dispatcher.php(200): Controller->render()
#3 /var/www/cake2core/lib/Cake/Routing/Dispatcher.php(167): Dispatcher->_invoke()
#4 /var/www/html/monitoreo/webroot/index.php(110): Dispatcher->dispatch()
#5 {main}
2024-10-04 11:05:29 Error: [MissingViewException] View file "Lots/mapa.ctp" is missing.
Exception Attributes: array (
  'file' => 'Lots/mapa.ctp',
)
Request URL: /monitoreo/parqueo/lots/mapa
Stack Trace:
#0 /var/www/cake2core/lib/Cake/View/View.php(470): View->_getViewFileName()
#1 /var/www/cake2core/lib/Cake/Controller/Controller.php(968): View->render()
#2 /var/www/cake2core/lib/Cake/Routing/Dispatcher.php(200): Controller->render()
#3 /var/www/cake2core/lib/Cake/Routing/Dispatcher.php(167): Dispatcher->_invoke()
#4 /var/www/html/monitoreo/webroot/index.php(110): Dispatcher->dispatch()
#5 {main}
2024-10-16 17:38:21 Error: [ParseError] syntax error, unexpected end of file, expecting function (T_FUNCTION) or const (T_CONST)
Request URL: /monitoreo/parqueo/lots/mapa.json
Stack Trace:
#0 [internal function]: App::load()
#1 [internal function]: spl_autoload_call()
#2 /var/www/cake2core/lib/Cake/Routing/Dispatcher.php(266): class_exists()
#3 /var/www/cake2core/lib/Cake/Routing/Dispatcher.php(235): Dispatcher->_loadController()
#4 /var/www/cake2core/lib/Cake/Routing/Dispatcher.php(158): Dispatcher->_getController()
#5 /var/www/html/monitoreo/webroot/index.php(110): Dispatcher->dispatch()
#6 {main}
2024-10-16 17:38:49 Error: [ParseError] syntax error, unexpected end of file, expecting function (T_FUNCTION) or const (T_CONST)
Request URL: /monitoreo/parqueo/lots/mapa
Stack Trace:
#0 [internal function]: App::load()
#1 [internal function]: spl_autoload_call()
#2 /var/www/cake2core/lib/Cake/Routing/Dispatcher.php(266): class_exists()
#3 /var/www/cake2core/lib/Cake/Routing/Dispatcher.php(235): Dispatcher->_loadController()
#4 /var/www/cake2core/lib/Cake/Routing/Dispatcher.php(158): Dispatcher->_getController()
#5 /var/www/html/monitoreo/webroot/index.php(110): Dispatcher->dispatch()
#6 {main}
2024-10-16 17:41:04 Error: [MissingViewException] View file "Lots/mapa.ctp" is missing.
Exception Attributes: array (
  'file' => 'Lots/mapa.ctp',
)
Request URL: /monitoreo/parqueo/lots/mapa
Stack Trace:
#0 /var/www/cake2core/lib/Cake/View/View.php(470): View->_getViewFileName()
#1 /var/www/cake2core/lib/Cake/Controller/Controller.php(968): View->render()
#2 /var/www/cake2core/lib/Cake/Routing/Dispatcher.php(200): Controller->render()
#3 /var/www/cake2core/lib/Cake/Routing/Dispatcher.php(167): Dispatcher->_invoke()
#4 /var/www/html/monitoreo/webroot/index.php(110): Dispatcher->dispatch()
#5 {main}
2024-10-17 16:19:18 Error: [MissingControllerException] Controller class ImgController could not be found.
Exception Attributes: array (
  'class' => 'ImgController',
  'plugin' => NULL,
)
Request URL: /monitoreo/img/lot_true.png
Stack Trace:
#0 /var/www/html/monitoreo/webroot/index.php(110): Dispatcher->dispatch()
#1 {main}
2024-12-19 19:31:23 Error: [ParseError] syntax error, unexpected ';', expecting ')'
Request URL: /monitoreo/parqueo/lots/add
Stack Trace:
#0 /var/www/cake2core/lib/Cake/View/View.php(933): View->_evaluate()
#1 /var/www/cake2core/lib/Cake/View/View.php(473): View->_render()
#2 /var/www/cake2core/lib/Cake/Controller/Controller.php(968): View->render()
#3 /var/www/cake2core/lib/Cake/Routing/Dispatcher.php(200): Controller->render()
#4 /var/www/cake2core/lib/Cake/Routing/Dispatcher.php(167): Dispatcher->_invoke()
#5 /var/www/html/monitoreo/webroot/index.php(110): Dispatcher->dispatch()
#6 {main}
2024-12-19 19:31:27 Error: [ParseError] syntax error, unexpected ';', expecting ')'
Request URL: /monitoreo/parqueo/lots/add
Stack Trace:
#0 /var/www/cake2core/lib/Cake/View/View.php(933): View->_evaluate()
#1 /var/www/cake2core/lib/Cake/View/View.php(473): View->_render()
#2 /var/www/cake2core/lib/Cake/Controller/Controller.php(968): View->render()
#3 /var/www/cake2core/lib/Cake/Routing/Dispatcher.php(200): Controller->render()
#4 /var/www/cake2core/lib/Cake/Routing/Dispatcher.php(167): Dispatcher->_invoke()
#5 /var/www/html/monitoreo/webroot/index.php(110): Dispatcher->dispatch()
#6 {main}
2024-12-19 19:42:21 Error: [ParseError] syntax error, unexpected ']', expecting ')'
Request URL: /monitoreo/parqueo/lots/add
Stack Trace:
#0 /var/www/cake2core/lib/Cake/View/View.php(933): View->_evaluate()
#1 /var/www/cake2core/lib/Cake/View/View.php(473): View->_render()
#2 /var/www/cake2core/lib/Cake/Controller/Controller.php(968): View->render()
#3 /var/www/cake2core/lib/Cake/Routing/Dispatcher.php(200): Controller->render()
#4 /var/www/cake2core/lib/Cake/Routing/Dispatcher.php(167): Dispatcher->_invoke()
#5 /var/www/html/monitoreo/webroot/index.php(110): Dispatcher->dispatch()
#6 {main}
2024-12-19 19:42:23 Error: [ParseError] syntax error, unexpected ']', expecting ')'
Request URL: /monitoreo/parqueo/lots/add
Stack Trace:
#0 /var/www/cake2core/lib/Cake/View/View.php(933): View->_evaluate()
#1 /var/www/cake2core/lib/Cake/View/View.php(473): View->_render()
#2 /var/www/cake2core/lib/Cake/Controller/Controller.php(968): View->render()
#3 /var/www/cake2core/lib/Cake/Routing/Dispatcher.php(200): Controller->render()
#4 /var/www/cake2core/lib/Cake/Routing/Dispatcher.php(167): Dispatcher->_invoke()
#5 /var/www/html/monitoreo/webroot/index.php(110): Dispatcher->dispatch()
#6 {main}
2024-12-19 19:44:06 Error: [ParseError] syntax error, unexpected ''class'' (T_CONSTANT_ENCAPSED_STRING), expecting ']'
Request URL: /monitoreo/parqueo/lots/add
Stack Trace:
#0 /var/www/cake2core/lib/Cake/View/View.php(933): View->_evaluate()
#1 /var/www/cake2core/lib/Cake/View/View.php(473): View->_render()
#2 /var/www/cake2core/lib/Cake/Controller/Controller.php(968): View->render()
#3 /var/www/cake2core/lib/Cake/Routing/Dispatcher.php(200): Controller->render()
#4 /var/www/cake2core/lib/Cake/Routing/Dispatcher.php(167): Dispatcher->_invoke()
#5 /var/www/html/monitoreo/webroot/index.php(110): Dispatcher->dispatch()
#6 {main}
